[2020-07-01 19:32:20.104 INFO  com.knowlegene.parent.scheduler.event.AsyncDispatcher:register(160) JobId(E743ECB653644147AAE68E5AACB7BE35)] -Registering class com.knowlegene.parent.config.common.event.SwapJobEventType for class com.knowlegene.parent.process.swap.JobBase$SwapJobEventDispatcher
[2020-07-01 19:32:20.110 INFO  com.knowlegene.parent.scheduler.event.AsyncDispatcher:register(160) JobId(E743ECB653644147AAE68E5AACB7BE35)] -Registering class com.knowlegene.parent.config.common.event.HiveExportType for class com.knowlegene.parent.process.swap.HiveExportJob$HiveExportDispatcher
[2020-07-01 19:32:20.111 INFO  com.knowlegene.parent.scheduler.event.AsyncDispatcher:register(160) JobId(E743ECB653644147AAE68E5AACB7BE35)] -Registering class com.knowlegene.parent.config.common.event.HiveImportType for class com.knowlegene.parent.process.swap.HiveImportJob$HiveImportDispatcher
[2020-07-01 19:32:20.175 INFO  com.knowlegene.parent.process.swap.HiveExportJob$HiveExportDispatcher:handle(162) ] -HiveExportDispatcher is start
[2020-07-01 19:32:20.190 INFO  com.knowlegene.parent.process.io.jdbc.AbstractSwapBase:getHiveSchema(186) ] -HiveSchema start =>table:node1
[2020-07-01 19:32:22.292 INFO  com.knowlegene.parent.process.swap.HiveExportJob:queryByTable(107) ] -hive=>tableName:node1
[2020-07-01 19:32:22.809 INFO  com.knowlegene.parent.process.transform.TypeConversion$MapObjectAndRow:<init>(369) ] -map to row start
[2020-07-01 19:32:22.836 ERROR com.knowlegene.parent.scheduler.event.AsyncDispatcher:dispatch(138) ] -Error in dispatcher thread java.lang.Exception: No handler for registered for class com.knowlegene.parent.config.common.event.Neo4jImportType
	at com.knowlegene.parent.scheduler.event.AsyncDispatcher.dispatch(AsyncDispatcher.java:135) ~[classes/:?]
	at com.knowlegene.parent.scheduler.event.AsyncDispatcher.lambda$createThread$0(AsyncDispatcher.java:114) ~[classes/:?]
	at java.lang.Thread.run(Thread.java:748) [?:1.8.0_192]

[2020-07-01 19:32:25.427 ERROR com.knowlegene.parent.scheduler.event.AsyncDispatcher:dispatch(138) ] -Error in dispatcher thread org.apache.beam.sdk.Pipeline$PipelineExecutionException: java.lang.ClassCastException: java.lang.String cannot be cast to java.lang.Integer
	at org.apache.beam.runners.direct.DirectRunner$DirectPipelineResult.waitUntilFinish(DirectRunner.java:332) ~[beam-runners-direct-java-2.9.0.jar:?]
	at org.apache.beam.runners.direct.DirectRunner$DirectPipelineResult.waitUntilFinish(DirectRunner.java:302) ~[beam-runners-direct-java-2.9.0.jar:?]
	at org.apache.beam.runners.direct.DirectRunner.run(DirectRunner.java:197) ~[beam-runners-direct-java-2.9.0.jar:?]
	at org.apache.beam.runners.direct.DirectRunner.run(DirectRunner.java:64) ~[beam-runners-direct-java-2.9.0.jar:?]
	at org.apache.beam.sdk.Pipeline.run(Pipeline.java:313) ~[beam-sdks-java-core-2.9.0.jar:?]
	at org.apache.beam.sdk.Pipeline.run(Pipeline.java:299) ~[beam-sdks-java-core-2.9.0.jar:?]
	at com.knowlegene.parent.process.swap.JobBase$SwapJobEventDispatcher.handle(JobBase.java:69) ~[classes/:?]
	at com.knowlegene.parent.process.swap.JobBase$SwapJobEventDispatcher.handle(JobBase.java:57) ~[classes/:?]
	at com.knowlegene.parent.scheduler.event.AsyncDispatcher.dispatch(AsyncDispatcher.java:133) ~[classes/:?]
	at com.knowlegene.parent.scheduler.event.AsyncDispatcher.lambda$createThread$0(AsyncDispatcher.java:114) ~[classes/:?]
	at java.lang.Thread.run(Thread.java:748) [?:1.8.0_192]
Caused by: java.lang.ClassCastException: java.lang.String cannot be cast to java.lang.Integer
	at org.apache.beam.sdk.coders.VarIntCoder.encode(VarIntCoder.java:33) ~[beam-sdks-java-core-2.9.0.jar:?]
	at org.apache.beam.sdk.coders.RowCoderGenerator$EncodeInstruction.encodeDelegate(RowCoderGenerator.java:217) ~[beam-sdks-java-core-2.9.0.jar:?]
	at org.apache.beam.sdk.coders.Coder$ByteBuddy$z0rLhlzw.encode(Unknown Source) ~[?:?]
	at org.apache.beam.sdk.coders.Coder$ByteBuddy$z0rLhlzw.encode(Unknown Source) ~[?:?]
	at org.apache.beam.sdk.coders.RowCoder.encode(RowCoder.java:107) ~[beam-sdks-java-core-2.9.0.jar:?]
	at org.apache.beam.sdk.schemas.SchemaCoder.encode(SchemaCoder.java:81) ~[beam-sdks-java-core-2.9.0.jar:?]
	at org.apache.beam.sdk.coders.Coder.encode(Coder.java:136) ~[beam-sdks-java-core-2.9.0.jar:?]
	at org.apache.beam.sdk.util.CoderUtils.encodeToSafeStream(CoderUtils.java:82) ~[beam-sdks-java-core-2.9.0.jar:?]
	at org.apache.beam.sdk.util.CoderUtils.encodeToByteArray(CoderUtils.java:66) ~[beam-sdks-java-core-2.9.0.jar:?]
	at org.apache.beam.sdk.util.CoderUtils.encodeToByteArray(CoderUtils.java:51) ~[beam-sdks-java-core-2.9.0.jar:?]
	at org.apache.beam.sdk.util.CoderUtils.clone(CoderUtils.java:141) ~[beam-sdks-java-core-2.9.0.jar:?]
	at org.apache.beam.sdk.util.MutationDetectors$CodedValueMutationDetector.<init>(MutationDetectors.java:113) ~[beam-sdks-java-core-2.9.0.jar:?]
	at org.apache.beam.sdk.util.MutationDetectors.forValueWithCoder(MutationDetectors.java:44) ~[beam-sdks-java-core-2.9.0.jar:?]
	at org.apache.beam.runners.direct.ImmutabilityCheckingBundleFactory$ImmutabilityEnforcingBundle.add(ImmutabilityCheckingBundleFactory.java:112) ~[beam-runners-direct-java-2.9.0.jar:?]
	at org.apache.beam.runners.direct.ParDoEvaluator$BundleOutputManager.output(ParDoEvaluator.java:260) ~[beam-runners-direct-java-2.9.0.jar:?]
	at org.apache.beam.repackaged.beam_runners_direct_java.runners.core.SimpleDoFnRunner.outputWindowedValue(SimpleDoFnRunner.java:309) ~[beam-runners-direct-java-2.9.0.jar:?]
	at org.apache.beam.repackaged.beam_runners_direct_java.runners.core.SimpleDoFnRunner.access$700(SimpleDoFnRunner.java:77) ~[beam-runners-direct-java-2.9.0.jar:?]
	at org.apache.beam.repackaged.beam_runners_direct_java.runners.core.SimpleDoFnRunner$DoFnProcessContext.output(SimpleDoFnRunner.java:621) ~[beam-runners-direct-java-2.9.0.jar:?]
	at org.apache.beam.repackaged.beam_runners_direct_java.runners.core.SimpleDoFnRunner$DoFnProcessContext.output(SimpleDoFnRunner.java:609) ~[beam-runners-direct-java-2.9.0.jar:?]
	at com.knowlegene.parent.process.transform.TypeConversion$MapObjectAndRow.processElement(TypeConversion.java:391) ~[classes/:?]

[2020-07-01 19:32:25.441 WARN  com.knowlegene.parent.scheduler.event.AsyncDispatcher:serviceStop(83) ] -Interrupted Exception while stopping msg=>null
[2020-07-01 19:36:09.341 INFO  com.knowlegene.parent.scheduler.event.AsyncDispatcher:register(160) JobId(0D76D96B63964102B8BFEBF3E8C0D3BF)] -Registering class com.knowlegene.parent.config.common.event.SwapJobEventType for class com.knowlegene.parent.process.swap.JobBase$SwapJobEventDispatcher
[2020-07-01 19:36:09.346 INFO  com.knowlegene.parent.scheduler.event.AsyncDispatcher:register(160) JobId(0D76D96B63964102B8BFEBF3E8C0D3BF)] -Registering class com.knowlegene.parent.config.common.event.HiveExportType for class com.knowlegene.parent.process.swap.HiveExportJob$HiveExportDispatcher
[2020-07-01 19:36:09.347 INFO  com.knowlegene.parent.scheduler.event.AsyncDispatcher:register(160) JobId(0D76D96B63964102B8BFEBF3E8C0D3BF)] -Registering class com.knowlegene.parent.config.common.event.HiveImportType for class com.knowlegene.parent.process.swap.HiveImportJob$HiveImportDispatcher
[2020-07-01 19:36:09.372 INFO  com.knowlegene.parent.process.swap.HiveExportJob$HiveExportDispatcher:handle(162) ] -HiveExportDispatcher is start
[2020-07-01 19:36:09.383 INFO  com.knowlegene.parent.process.io.jdbc.AbstractSwapBase:getHiveSchema(186) ] -HiveSchema start =>table:node1
[2020-07-01 19:36:10.324 INFO  com.knowlegene.parent.process.swap.HiveExportJob:queryByTable(107) ] -hive=>tableName:node1
[2020-07-01 19:36:10.684 INFO  com.knowlegene.parent.process.transform.TypeConversion$MapObjectAndRow:<init>(369) ] -map to row start
[2020-07-01 19:36:10.747 ERROR com.knowlegene.parent.scheduler.event.AsyncDispatcher:dispatch(138) ] -Error in dispatcher thread java.lang.Exception: No handler for registered for class com.knowlegene.parent.config.common.event.Neo4jImportType
	at com.knowlegene.parent.scheduler.event.AsyncDispatcher.dispatch(AsyncDispatcher.java:135) ~[classes/:?]
	at com.knowlegene.parent.scheduler.event.AsyncDispatcher.lambda$createThread$0(AsyncDispatcher.java:114) ~[classes/:?]
	at java.lang.Thread.run(Thread.java:748) [?:1.8.0_192]

[2020-07-01 19:36:12.824 ERROR com.knowlegene.parent.scheduler.event.AsyncDispatcher:dispatch(138) ] -Error in dispatcher thread org.apache.beam.sdk.Pipeline$PipelineExecutionException: java.lang.ClassCastException: java.lang.String cannot be cast to java.lang.Integer
	at org.apache.beam.runners.direct.DirectRunner$DirectPipelineResult.waitUntilFinish(DirectRunner.java:332) ~[beam-runners-direct-java-2.9.0.jar:?]
	at org.apache.beam.runners.direct.DirectRunner$DirectPipelineResult.waitUntilFinish(DirectRunner.java:302) ~[beam-runners-direct-java-2.9.0.jar:?]
	at org.apache.beam.runners.direct.DirectRunner.run(DirectRunner.java:197) ~[beam-runners-direct-java-2.9.0.jar:?]
	at org.apache.beam.runners.direct.DirectRunner.run(DirectRunner.java:64) ~[beam-runners-direct-java-2.9.0.jar:?]
	at org.apache.beam.sdk.Pipeline.run(Pipeline.java:313) ~[beam-sdks-java-core-2.9.0.jar:?]
	at org.apache.beam.sdk.Pipeline.run(Pipeline.java:299) ~[beam-sdks-java-core-2.9.0.jar:?]
	at com.knowlegene.parent.process.swap.JobBase$SwapJobEventDispatcher.handle(JobBase.java:69) ~[classes/:?]
	at com.knowlegene.parent.process.swap.JobBase$SwapJobEventDispatcher.handle(JobBase.java:57) ~[classes/:?]
	at com.knowlegene.parent.scheduler.event.AsyncDispatcher.dispatch(AsyncDispatcher.java:133) ~[classes/:?]
	at com.knowlegene.parent.scheduler.event.AsyncDispatcher.lambda$createThread$0(AsyncDispatcher.java:114) ~[classes/:?]
	at java.lang.Thread.run(Thread.java:748) [?:1.8.0_192]
Caused by: java.lang.ClassCastException: java.lang.String cannot be cast to java.lang.Integer
	at org.apache.beam.sdk.coders.VarIntCoder.encode(VarIntCoder.java:33) ~[beam-sdks-java-core-2.9.0.jar:?]
	at org.apache.beam.sdk.coders.RowCoderGenerator$EncodeInstruction.encodeDelegate(RowCoderGenerator.java:217) ~[beam-sdks-java-core-2.9.0.jar:?]
	at org.apache.beam.sdk.coders.Coder$ByteBuddy$OfDn7hmD.encode(Unknown Source) ~[?:?]
	at org.apache.beam.sdk.coders.Coder$ByteBuddy$OfDn7hmD.encode(Unknown Source) ~[?:?]
	at org.apache.beam.sdk.coders.RowCoder.encode(RowCoder.java:107) ~[beam-sdks-java-core-2.9.0.jar:?]
	at org.apache.beam.sdk.schemas.SchemaCoder.encode(SchemaCoder.java:81) ~[beam-sdks-java-core-2.9.0.jar:?]
	at org.apache.beam.sdk.coders.Coder.encode(Coder.java:136) ~[beam-sdks-java-core-2.9.0.jar:?]
	at org.apache.beam.sdk.util.CoderUtils.encodeToSafeStream(CoderUtils.java:82) ~[beam-sdks-java-core-2.9.0.jar:?]
	at org.apache.beam.sdk.util.CoderUtils.encodeToByteArray(CoderUtils.java:66) ~[beam-sdks-java-core-2.9.0.jar:?]
	at org.apache.beam.sdk.util.CoderUtils.encodeToByteArray(CoderUtils.java:51) ~[beam-sdks-java-core-2.9.0.jar:?]
	at org.apache.beam.sdk.util.CoderUtils.clone(CoderUtils.java:141) ~[beam-sdks-java-core-2.9.0.jar:?]
	at org.apache.beam.sdk.util.MutationDetectors$CodedValueMutationDetector.<init>(MutationDetectors.java:113) ~[beam-sdks-java-core-2.9.0.jar:?]
	at org.apache.beam.sdk.util.MutationDetectors.forValueWithCoder(MutationDetectors.java:44) ~[beam-sdks-java-core-2.9.0.jar:?]
	at org.apache.beam.runners.direct.ImmutabilityCheckingBundleFactory$ImmutabilityEnforcingBundle.add(ImmutabilityCheckingBundleFactory.java:112) ~[beam-runners-direct-java-2.9.0.jar:?]
	at org.apache.beam.runners.direct.ParDoEvaluator$BundleOutputManager.output(ParDoEvaluator.java:260) ~[beam-runners-direct-java-2.9.0.jar:?]
	at org.apache.beam.repackaged.beam_runners_direct_java.runners.core.SimpleDoFnRunner.outputWindowedValue(SimpleDoFnRunner.java:309) ~[beam-runners-direct-java-2.9.0.jar:?]
	at org.apache.beam.repackaged.beam_runners_direct_java.runners.core.SimpleDoFnRunner.access$700(SimpleDoFnRunner.java:77) ~[beam-runners-direct-java-2.9.0.jar:?]
	at org.apache.beam.repackaged.beam_runners_direct_java.runners.core.SimpleDoFnRunner$DoFnProcessContext.output(SimpleDoFnRunner.java:621) ~[beam-runners-direct-java-2.9.0.jar:?]
	at org.apache.beam.repackaged.beam_runners_direct_java.runners.core.SimpleDoFnRunner$DoFnProcessContext.output(SimpleDoFnRunner.java:609) ~[beam-runners-direct-java-2.9.0.jar:?]
	at com.knowlegene.parent.process.transform.TypeConversion$MapObjectAndRow.processElement(TypeConversion.java:391) ~[classes/:?]

[2020-07-01 19:36:12.829 WARN  com.knowlegene.parent.scheduler.event.AsyncDispatcher:serviceStop(83) ] -Interrupted Exception while stopping msg=>null
[2020-07-01 19:36:30.998 INFO  com.knowlegene.parent.scheduler.event.AsyncDispatcher:register(160) JobId(4694B9868EF04C0EACAB2793632ECAC5)] -Registering class com.knowlegene.parent.config.common.event.SwapJobEventType for class com.knowlegene.parent.process.swap.JobBase$SwapJobEventDispatcher
[2020-07-01 19:36:31.005 INFO  com.knowlegene.parent.scheduler.event.AsyncDispatcher:register(160) JobId(4694B9868EF04C0EACAB2793632ECAC5)] -Registering class com.knowlegene.parent.config.common.event.HiveExportType for class com.knowlegene.parent.process.swap.HiveExportJob$HiveExportDispatcher
[2020-07-01 19:36:31.006 INFO  com.knowlegene.parent.scheduler.event.AsyncDispatcher:register(160) JobId(4694B9868EF04C0EACAB2793632ECAC5)] -Registering class com.knowlegene.parent.config.common.event.HiveImportType for class com.knowlegene.parent.process.swap.HiveImportJob$HiveImportDispatcher
[2020-07-01 19:36:31.063 INFO  com.knowlegene.parent.process.swap.HiveExportJob$HiveExportDispatcher:handle(162) ] -HiveExportDispatcher is start
[2020-07-01 19:36:31.076 INFO  com.knowlegene.parent.process.io.jdbc.AbstractSwapBase:getHiveSchema(186) ] -HiveSchema start =>table:node1
[2020-07-01 19:36:32.172 INFO  com.knowlegene.parent.process.swap.HiveExportJob:queryByTable(107) ] -hive=>tableName:node1
[2020-07-01 19:36:32.707 INFO  com.knowlegene.parent.process.transform.TypeConversion$MapObjectAndRow:<init>(369) ] -map to row start
[2020-07-01 19:36:32.732 ERROR com.knowlegene.parent.scheduler.event.AsyncDispatcher:dispatch(138) ] -Error in dispatcher thread java.lang.Exception: No handler for registered for class com.knowlegene.parent.config.common.event.Neo4jImportType
	at com.knowlegene.parent.scheduler.event.AsyncDispatcher.dispatch(AsyncDispatcher.java:135) ~[classes/:?]
	at com.knowlegene.parent.scheduler.event.AsyncDispatcher.lambda$createThread$0(AsyncDispatcher.java:114) ~[classes/:?]
	at java.lang.Thread.run(Thread.java:748) [?:1.8.0_192]

[2020-07-01 19:37:25.520 ERROR com.knowlegene.parent.scheduler.event.AsyncDispatcher:dispatch(138) ] -Error in dispatcher thread org.apache.beam.sdk.Pipeline$PipelineExecutionException: java.lang.ClassCastException: java.lang.String cannot be cast to java.lang.Integer
	at org.apache.beam.runners.direct.DirectRunner$DirectPipelineResult.waitUntilFinish(DirectRunner.java:332) ~[beam-runners-direct-java-2.9.0.jar:?]
	at org.apache.beam.runners.direct.DirectRunner$DirectPipelineResult.waitUntilFinish(DirectRunner.java:302) ~[beam-runners-direct-java-2.9.0.jar:?]
	at org.apache.beam.runners.direct.DirectRunner.run(DirectRunner.java:197) ~[beam-runners-direct-java-2.9.0.jar:?]
	at org.apache.beam.runners.direct.DirectRunner.run(DirectRunner.java:64) ~[beam-runners-direct-java-2.9.0.jar:?]
	at org.apache.beam.sdk.Pipeline.run(Pipeline.java:313) ~[beam-sdks-java-core-2.9.0.jar:?]
	at org.apache.beam.sdk.Pipeline.run(Pipeline.java:299) ~[beam-sdks-java-core-2.9.0.jar:?]
	at com.knowlegene.parent.process.swap.JobBase$SwapJobEventDispatcher.handle(JobBase.java:69) ~[classes/:?]
	at com.knowlegene.parent.process.swap.JobBase$SwapJobEventDispatcher.handle(JobBase.java:57) ~[classes/:?]
	at com.knowlegene.parent.scheduler.event.AsyncDispatcher.dispatch(AsyncDispatcher.java:133) ~[classes/:?]
	at com.knowlegene.parent.scheduler.event.AsyncDispatcher.lambda$createThread$0(AsyncDispatcher.java:114) ~[classes/:?]
	at java.lang.Thread.run(Thread.java:748) [?:1.8.0_192]
Caused by: java.lang.ClassCastException: java.lang.String cannot be cast to java.lang.Integer
	at org.apache.beam.sdk.coders.VarIntCoder.encode(VarIntCoder.java:33) ~[beam-sdks-java-core-2.9.0.jar:?]
	at org.apache.beam.sdk.coders.RowCoderGenerator$EncodeInstruction.encodeDelegate(RowCoderGenerator.java:217) ~[beam-sdks-java-core-2.9.0.jar:?]
	at org.apache.beam.sdk.coders.Coder$ByteBuddy$zEjEsWlT.encode(Unknown Source) ~[?:?]
	at org.apache.beam.sdk.coders.Coder$ByteBuddy$zEjEsWlT.encode(Unknown Source) ~[?:?]
	at org.apache.beam.sdk.coders.RowCoder.encode(RowCoder.java:107) ~[beam-sdks-java-core-2.9.0.jar:?]
	at org.apache.beam.sdk.schemas.SchemaCoder.encode(SchemaCoder.java:81) ~[beam-sdks-java-core-2.9.0.jar:?]
	at org.apache.beam.sdk.coders.Coder.encode(Coder.java:136) ~[beam-sdks-java-core-2.9.0.jar:?]
	at org.apache.beam.sdk.util.CoderUtils.encodeToSafeStream(CoderUtils.java:82) ~[beam-sdks-java-core-2.9.0.jar:?]
	at org.apache.beam.sdk.util.CoderUtils.encodeToByteArray(CoderUtils.java:66) ~[beam-sdks-java-core-2.9.0.jar:?]
	at org.apache.beam.sdk.util.CoderUtils.encodeToByteArray(CoderUtils.java:51) ~[beam-sdks-java-core-2.9.0.jar:?]
	at org.apache.beam.sdk.util.CoderUtils.clone(CoderUtils.java:141) ~[beam-sdks-java-core-2.9.0.jar:?]
	at org.apache.beam.sdk.util.MutationDetectors$CodedValueMutationDetector.<init>(MutationDetectors.java:113) ~[beam-sdks-java-core-2.9.0.jar:?]
	at org.apache.beam.sdk.util.MutationDetectors.forValueWithCoder(MutationDetectors.java:44) ~[beam-sdks-java-core-2.9.0.jar:?]
	at org.apache.beam.runners.direct.ImmutabilityCheckingBundleFactory$ImmutabilityEnforcingBundle.add(ImmutabilityCheckingBundleFactory.java:112) ~[beam-runners-direct-java-2.9.0.jar:?]
	at org.apache.beam.runners.direct.ParDoEvaluator$BundleOutputManager.output(ParDoEvaluator.java:260) ~[beam-runners-direct-java-2.9.0.jar:?]
	at org.apache.beam.repackaged.beam_runners_direct_java.runners.core.SimpleDoFnRunner.outputWindowedValue(SimpleDoFnRunner.java:309) ~[beam-runners-direct-java-2.9.0.jar:?]
	at org.apache.beam.repackaged.beam_runners_direct_java.runners.core.SimpleDoFnRunner.access$700(SimpleDoFnRunner.java:77) ~[beam-runners-direct-java-2.9.0.jar:?]
	at org.apache.beam.repackaged.beam_runners_direct_java.runners.core.SimpleDoFnRunner$DoFnProcessContext.output(SimpleDoFnRunner.java:621) ~[beam-runners-direct-java-2.9.0.jar:?]
	at org.apache.beam.repackaged.beam_runners_direct_java.runners.core.SimpleDoFnRunner$DoFnProcessContext.output(SimpleDoFnRunner.java:609) ~[beam-runners-direct-java-2.9.0.jar:?]
	at com.knowlegene.parent.process.transform.TypeConversion$MapObjectAndRow.processElement(TypeConversion.java:391) ~[classes/:?]

[2020-07-01 19:37:25.527 WARN  com.knowlegene.parent.scheduler.event.AsyncDispatcher:serviceStop(83) ] -Interrupted Exception while stopping msg=>null
[2020-07-01 19:38:26.373 INFO  com.knowlegene.parent.scheduler.event.AsyncDispatcher:register(160) JobId(A5C16CCF97E14FBFBCD293DD01C3D349)] -Registering class com.knowlegene.parent.config.common.event.SwapJobEventType for class com.knowlegene.parent.process.swap.JobBase$SwapJobEventDispatcher
[2020-07-01 19:38:26.378 INFO  com.knowlegene.parent.scheduler.event.AsyncDispatcher:register(160) JobId(A5C16CCF97E14FBFBCD293DD01C3D349)] -Registering class com.knowlegene.parent.config.common.event.HiveExportType for class com.knowlegene.parent.process.swap.HiveExportJob$HiveExportDispatcher
[2020-07-01 19:38:26.380 INFO  com.knowlegene.parent.scheduler.event.AsyncDispatcher:register(160) JobId(A5C16CCF97E14FBFBCD293DD01C3D349)] -Registering class com.knowlegene.parent.config.common.event.HiveImportType for class com.knowlegene.parent.process.swap.HiveImportJob$HiveImportDispatcher
[2020-07-01 19:38:26.411 INFO  com.knowlegene.parent.process.swap.HiveExportJob$HiveExportDispatcher:handle(162) ] -HiveExportDispatcher is start
[2020-07-01 19:38:26.423 INFO  com.knowlegene.parent.process.io.jdbc.AbstractSwapBase:getHiveSchema(186) ] -HiveSchema start =>table:node1
[2020-07-01 19:38:27.370 INFO  com.knowlegene.parent.process.swap.HiveExportJob:queryByTable(107) ] -hive=>tableName:node1
[2020-07-01 19:38:27.738 INFO  com.knowlegene.parent.process.transform.TypeConversion$MapObjectAndRow:<init>(369) ] -map to row start
[2020-07-01 19:38:27.802 ERROR com.knowlegene.parent.scheduler.event.AsyncDispatcher:dispatch(138) ] -Error in dispatcher thread java.lang.Exception: No handler for registered for class com.knowlegene.parent.config.common.event.Neo4jImportType
	at com.knowlegene.parent.scheduler.event.AsyncDispatcher.dispatch(AsyncDispatcher.java:135) ~[classes/:?]
	at com.knowlegene.parent.scheduler.event.AsyncDispatcher.lambda$createThread$0(AsyncDispatcher.java:114) ~[classes/:?]
	at java.lang.Thread.run(Thread.java:748) [?:1.8.0_192]

[2020-07-01 19:38:29.775 ERROR com.knowlegene.parent.scheduler.event.AsyncDispatcher:dispatch(138) ] -Error in dispatcher thread org.apache.beam.sdk.Pipeline$PipelineExecutionException: java.lang.IllegalArgumentException: Field count in Schema ([name, age]) and values ([[n1, 12]]) must match
	at org.apache.beam.runners.direct.DirectRunner$DirectPipelineResult.waitUntilFinish(DirectRunner.java:332) ~[beam-runners-direct-java-2.9.0.jar:?]
	at org.apache.beam.runners.direct.DirectRunner$DirectPipelineResult.waitUntilFinish(DirectRunner.java:302) ~[beam-runners-direct-java-2.9.0.jar:?]
	at org.apache.beam.runners.direct.DirectRunner.run(DirectRunner.java:197) ~[beam-runners-direct-java-2.9.0.jar:?]
	at org.apache.beam.runners.direct.DirectRunner.run(DirectRunner.java:64) ~[beam-runners-direct-java-2.9.0.jar:?]
	at org.apache.beam.sdk.Pipeline.run(Pipeline.java:313) ~[beam-sdks-java-core-2.9.0.jar:?]
	at org.apache.beam.sdk.Pipeline.run(Pipeline.java:299) ~[beam-sdks-java-core-2.9.0.jar:?]
	at com.knowlegene.parent.process.swap.JobBase$SwapJobEventDispatcher.handle(JobBase.java:69) ~[classes/:?]
	at com.knowlegene.parent.process.swap.JobBase$SwapJobEventDispatcher.handle(JobBase.java:57) ~[classes/:?]
	at com.knowlegene.parent.scheduler.event.AsyncDispatcher.dispatch(AsyncDispatcher.java:133) ~[classes/:?]
	at com.knowlegene.parent.scheduler.event.AsyncDispatcher.lambda$createThread$0(AsyncDispatcher.java:114) ~[classes/:?]
	at java.lang.Thread.run(Thread.java:748) [?:1.8.0_192]
Caused by: java.lang.IllegalArgumentException: Field count in Schema ([name, age]) and values ([[n1, 12]]) must match
	at org.apache.beam.sdk.values.Row$Builder.verify(Row.java:538) ~[beam-sdks-java-core-2.9.0.jar:?]
	at org.apache.beam.sdk.values.Row$Builder.build(Row.java:742) ~[beam-sdks-java-core-2.9.0.jar:?]
	at com.knowlegene.parent.process.transform.TypeConversion$MapObjectAndRow.processElement(TypeConversion.java:390) ~[classes/:?]

[2020-07-01 19:38:29.779 WARN  com.knowlegene.parent.scheduler.event.AsyncDispatcher:serviceStop(83) ] -Interrupted Exception while stopping msg=>null
[2020-07-01 19:51:46.295 INFO  com.knowlegene.parent.scheduler.event.AsyncDispatcher:register(160) JobId(6219B87BC3AF45A38CE45595FFC165F5)] -Registering class com.knowlegene.parent.config.common.event.SwapJobEventType for class com.knowlegene.parent.process.swap.JobBase$SwapJobEventDispatcher
[2020-07-01 19:51:46.302 INFO  com.knowlegene.parent.scheduler.event.AsyncDispatcher:register(160) JobId(6219B87BC3AF45A38CE45595FFC165F5)] -Registering class com.knowlegene.parent.config.common.event.HiveExportType for class com.knowlegene.parent.process.swap.HiveExportJob$HiveExportDispatcher
[2020-07-01 19:51:46.304 INFO  com.knowlegene.parent.scheduler.event.AsyncDispatcher:register(160) JobId(6219B87BC3AF45A38CE45595FFC165F5)] -Registering class com.knowlegene.parent.config.common.event.HiveImportType for class com.knowlegene.parent.process.swap.HiveImportJob$HiveImportDispatcher
[2020-07-01 19:51:46.357 INFO  com.knowlegene.parent.process.swap.HiveExportJob$HiveExportDispatcher:handle(162) ] -HiveExportDispatcher is start
[2020-07-01 19:51:46.370 INFO  com.knowlegene.parent.process.io.jdbc.AbstractSwapBase:getHiveSchema(186) ] -HiveSchema start =>table:node1
[2020-07-01 19:51:47.331 INFO  com.knowlegene.parent.process.swap.HiveExportJob:queryByTable(107) ] -hive=>tableName:node1
[2020-07-01 19:51:47.820 INFO  com.knowlegene.parent.process.transform.TypeConversion$MapObjectAndRow:<init>(369) ] -map to row start
[2020-07-01 19:51:47.845 ERROR com.knowlegene.parent.scheduler.event.AsyncDispatcher:dispatch(138) ] -Error in dispatcher thread java.lang.Exception: No handler for registered for class com.knowlegene.parent.config.common.event.Neo4jImportType
	at com.knowlegene.parent.scheduler.event.AsyncDispatcher.dispatch(AsyncDispatcher.java:135) ~[classes/:?]
	at com.knowlegene.parent.scheduler.event.AsyncDispatcher.lambda$createThread$0(AsyncDispatcher.java:114) ~[classes/:?]
	at java.lang.Thread.run(Thread.java:748) [?:1.8.0_192]

[2020-07-01 19:51:50.113 ERROR com.knowlegene.parent.scheduler.event.AsyncDispatcher:dispatch(138) ] -Error in dispatcher thread org.apache.beam.sdk.Pipeline$PipelineExecutionException: java.lang.ClassCastException: java.lang.String cannot be cast to java.lang.Integer
	at org.apache.beam.runners.direct.DirectRunner$DirectPipelineResult.waitUntilFinish(DirectRunner.java:332) ~[beam-runners-direct-java-2.9.0.jar:?]
	at org.apache.beam.runners.direct.DirectRunner$DirectPipelineResult.waitUntilFinish(DirectRunner.java:302) ~[beam-runners-direct-java-2.9.0.jar:?]
	at org.apache.beam.runners.direct.DirectRunner.run(DirectRunner.java:197) ~[beam-runners-direct-java-2.9.0.jar:?]
	at org.apache.beam.runners.direct.DirectRunner.run(DirectRunner.java:64) ~[beam-runners-direct-java-2.9.0.jar:?]
	at org.apache.beam.sdk.Pipeline.run(Pipeline.java:313) ~[beam-sdks-java-core-2.9.0.jar:?]
	at org.apache.beam.sdk.Pipeline.run(Pipeline.java:299) ~[beam-sdks-java-core-2.9.0.jar:?]
	at com.knowlegene.parent.process.swap.JobBase$SwapJobEventDispatcher.handle(JobBase.java:69) ~[classes/:?]
	at com.knowlegene.parent.process.swap.JobBase$SwapJobEventDispatcher.handle(JobBase.java:57) ~[classes/:?]
	at com.knowlegene.parent.scheduler.event.AsyncDispatcher.dispatch(AsyncDispatcher.java:133) ~[classes/:?]
	at com.knowlegene.parent.scheduler.event.AsyncDispatcher.lambda$createThread$0(AsyncDispatcher.java:114) ~[classes/:?]
	at java.lang.Thread.run(Thread.java:748) [?:1.8.0_192]
Caused by: java.lang.ClassCastException: java.lang.String cannot be cast to java.lang.Integer
	at org.apache.beam.sdk.coders.VarIntCoder.encode(VarIntCoder.java:33) ~[beam-sdks-java-core-2.9.0.jar:?]
	at org.apache.beam.sdk.coders.RowCoderGenerator$EncodeInstruction.encodeDelegate(RowCoderGenerator.java:217) ~[beam-sdks-java-core-2.9.0.jar:?]
	at org.apache.beam.sdk.coders.Coder$ByteBuddy$9QliyrRu.encode(Unknown Source) ~[?:?]
	at org.apache.beam.sdk.coders.Coder$ByteBuddy$9QliyrRu.encode(Unknown Source) ~[?:?]
	at org.apache.beam.sdk.coders.RowCoder.encode(RowCoder.java:107) ~[beam-sdks-java-core-2.9.0.jar:?]
	at org.apache.beam.sdk.schemas.SchemaCoder.encode(SchemaCoder.java:81) ~[beam-sdks-java-core-2.9.0.jar:?]
	at org.apache.beam.sdk.coders.Coder.encode(Coder.java:136) ~[beam-sdks-java-core-2.9.0.jar:?]
	at org.apache.beam.sdk.util.CoderUtils.encodeToSafeStream(CoderUtils.java:82) ~[beam-sdks-java-core-2.9.0.jar:?]
	at org.apache.beam.sdk.util.CoderUtils.encodeToByteArray(CoderUtils.java:66) ~[beam-sdks-java-core-2.9.0.jar:?]
	at org.apache.beam.sdk.util.CoderUtils.encodeToByteArray(CoderUtils.java:51) ~[beam-sdks-java-core-2.9.0.jar:?]
	at org.apache.beam.sdk.util.CoderUtils.clone(CoderUtils.java:141) ~[beam-sdks-java-core-2.9.0.jar:?]
	at org.apache.beam.sdk.util.MutationDetectors$CodedValueMutationDetector.<init>(MutationDetectors.java:113) ~[beam-sdks-java-core-2.9.0.jar:?]
	at org.apache.beam.sdk.util.MutationDetectors.forValueWithCoder(MutationDetectors.java:44) ~[beam-sdks-java-core-2.9.0.jar:?]
	at org.apache.beam.runners.direct.ImmutabilityCheckingBundleFactory$ImmutabilityEnforcingBundle.add(ImmutabilityCheckingBundleFactory.java:112) ~[beam-runners-direct-java-2.9.0.jar:?]
	at org.apache.beam.runners.direct.ParDoEvaluator$BundleOutputManager.output(ParDoEvaluator.java:260) ~[beam-runners-direct-java-2.9.0.jar:?]
	at org.apache.beam.repackaged.beam_runners_direct_java.runners.core.SimpleDoFnRunner.outputWindowedValue(SimpleDoFnRunner.java:309) ~[beam-runners-direct-java-2.9.0.jar:?]
	at org.apache.beam.repackaged.beam_runners_direct_java.runners.core.SimpleDoFnRunner.access$700(SimpleDoFnRunner.java:77) ~[beam-runners-direct-java-2.9.0.jar:?]
	at org.apache.beam.repackaged.beam_runners_direct_java.runners.core.SimpleDoFnRunner$DoFnProcessContext.output(SimpleDoFnRunner.java:621) ~[beam-runners-direct-java-2.9.0.jar:?]
	at org.apache.beam.repackaged.beam_runners_direct_java.runners.core.SimpleDoFnRunner$DoFnProcessContext.output(SimpleDoFnRunner.java:609) ~[beam-runners-direct-java-2.9.0.jar:?]
	at com.knowlegene.parent.process.transform.TypeConversion$MapObjectAndRow.processElement(TypeConversion.java:391) ~[classes/:?]

[2020-07-01 19:51:50.121 WARN  com.knowlegene.parent.scheduler.event.AsyncDispatcher:serviceStop(83) ] -Interrupted Exception while stopping msg=>null
[2020-07-01 19:54:48.344 INFO  com.knowlegene.parent.scheduler.event.AsyncDispatcher:register(160) JobId(702662CEE44A4974ADE46D23271244FF)] -Registering class com.knowlegene.parent.config.common.event.SwapJobEventType for class com.knowlegene.parent.process.swap.JobBase$SwapJobEventDispatcher
[2020-07-01 19:54:48.352 INFO  com.knowlegene.parent.scheduler.event.AsyncDispatcher:register(160) JobId(702662CEE44A4974ADE46D23271244FF)] -Registering class com.knowlegene.parent.config.common.event.HiveExportType for class com.knowlegene.parent.process.swap.HiveExportJob$HiveExportDispatcher
[2020-07-01 19:54:48.353 INFO  com.knowlegene.parent.scheduler.event.AsyncDispatcher:register(160) JobId(702662CEE44A4974ADE46D23271244FF)] -Registering class com.knowlegene.parent.config.common.event.HiveImportType for class com.knowlegene.parent.process.swap.HiveImportJob$HiveImportDispatcher
[2020-07-01 19:54:48.404 INFO  com.knowlegene.parent.process.swap.HiveExportJob$HiveExportDispatcher:handle(162) ] -HiveExportDispatcher is start
[2020-07-01 19:54:48.416 INFO  com.knowlegene.parent.process.io.jdbc.AbstractSwapBase:getHiveSchema(186) ] -HiveSchema start =>table:node1
[2020-07-01 19:54:49.497 INFO  com.knowlegene.parent.process.swap.HiveExportJob:queryByTable(107) ] -hive=>tableName:node1
[2020-07-01 19:54:50.014 INFO  com.knowlegene.parent.process.transform.TypeConversion$MapObjectAndRow:<init>(369) ] -map to row start
[2020-07-01 19:54:50.038 ERROR com.knowlegene.parent.scheduler.event.AsyncDispatcher:dispatch(138) ] -Error in dispatcher thread java.lang.Exception: No handler for registered for class com.knowlegene.parent.config.common.event.Neo4jImportType
	at com.knowlegene.parent.scheduler.event.AsyncDispatcher.dispatch(AsyncDispatcher.java:135) ~[classes/:?]
	at com.knowlegene.parent.scheduler.event.AsyncDispatcher.lambda$createThread$0(AsyncDispatcher.java:114) ~[classes/:?]
	at java.lang.Thread.run(Thread.java:748) [?:1.8.0_192]

[2020-07-01 19:54:52.267 WARN  com.knowlegene.parent.scheduler.event.AsyncDispatcher:serviceStop(83) ] -Interrupted Exception while stopping msg=>null
